<?xml version="1.0" encoding="UTF-8"?>
<!-- Generated by org.testng.reporters.JUnitXMLReporter -->
<testsuite ignored="0" hostname="Shivam-Sharma-LP" failures="1" tests="1" name="Surefire test" time="0.053" errors="0" timestamp="2022-04-14T10:41:43 IST">
  <testcase classname="shivam.practice.AppTest" name="shouldAnswerWithTrue" time="0.005">
    <failure type="java.lang.NoClassDefFoundError" message="org/junit/Assert">
      <![CDATA[java.lang.NoClassDefFoundError: org/junit/Assert
at shivam.practice.AppTest.shouldAnswerWithTrue(AppTest.java:13)
at java.base/java.util.ArrayList.forEach(ArrayList.java:1511)
Caused by: java.lang.ClassNotFoundException: org.junit.Assert
at java.base/jdk.internal.loader.BuiltinClassLoader.loadClass(BuiltinClassLoader.java:641)
at java.base/jdk.internal.loader.ClassLoaders$AppClassLoader.loadClass(ClassLoaders.java:188)
at java.base/java.lang.ClassLoader.loadClass(ClassLoader.java:520)
... 34 more
... Removed 32 stack frames]]>
    </failure>
  </testcase> <!-- shouldAnswerWithTrue -->
</testsuite> <!-- Surefire test -->
