<?xml version="1.0" encoding="UTF-8"?>
<!-- Generated by org.testng.reporters.JUnitXMLReporter -->
<testsuite ignored="0" hostname="Shivam-Sharma-LP" failures="1" tests="1" name="Home Loan" time="6.633" errors="0" timestamp="2023-06-09T16:50:01 IST">
  <testcase classname="mb_homeloan_pages.Loginpage1" name="login" time="6.557">
    <failure type="java.lang.NullPointerException" message="Cannot invoke &amp;quot;org.openqa.selenium.WebElement.sendKeys(java.lang.CharSequence[])&amp;quot; because &amp;quot;mb_homeloan_pages.homeloan.username&amp;quot; is null">
      <![CDATA[java.lang.NullPointerException: Cannot invoke "org.openqa.selenium.WebElement.sendKeys(java.lang.CharSequence[])" because "mb_homeloan_pages.homeloan.username" is null
at mb_homeloan_pages.homeloan.username(homeloan.java:24)
at mb_homeloan_pages.Loginpage1.login(Loginpage1.java:28)
at java.base/java.util.ArrayList.forEach(ArrayList.java:1511)
... Removed 27 stack frames]]>
    </failure>
  </testcase> <!-- login -->
</testsuite> <!-- Home Loan -->
