<?xml version="1.0" encoding="UTF-8"?>
<testsuite xmlns:xsi="http://www.w3.org/2001/XMLSchema-instance" xsi:noNamespaceSchemaLocation="https://maven.apache.org/surefire/maven-surefire-plugin/xsd/surefire-test-report-3.0.xsd" version="3.0" name="shivam.practice.AppTest" time="0.611" tests="1" errors="0" skipped="0" failures="1">
  <properties>
[...]
</properties>
  <testcase name="shouldAnswerWithTrue" classname="shivam.practice.AppTest" time="0.013">
    <failure message="org/junit/Assert" type="java.lang.NoClassDefFoundError"><![CDATA[java.lang.NoClassDefFoundError: org/junit/Assert
	at shivam.practice.AppTest.shouldAnswerWithTrue(AppTest.java:13)
Caused by: java.lang.ClassNotFoundException: org.junit.Assert
	at shivam.practice.AppTest.shouldAnswerWithTrue(AppTest.java:13)
]]></failure>
  </testcase>
</testsuite>